[12:31:50] [ServerMain/INFO]: Building unoptimized datafixer
[12:31:51] [ServerMain/INFO]: Environment: authHost='https://authserver.mojang.com', accountsHost='https://api.mojang.com', sessionHost='https://sessionserver.mojang.com', servicesHost='https://api.minecraftservices.com', name='PROD'
[12:31:51] [ServerMain/INFO]: Found new data pack file/bukkit, loading it automatically
[12:31:53] [ServerMain/INFO]: Loaded 7 recipes
[12:31:54] [Server thread/INFO]: Starting minecraft server version 1.19
[12:31:54] [Server thread/INFO]: Loading properties
[12:31:55] [Server thread/INFO]: This server is running CraftBukkit version 3534-Spigot-56be6a8-6c61b73 (MC: 1.19) (Implementing API version 1.19-R0.1-SNAPSHOT)
[12:31:55] [Server thread/INFO]: Debug logging is disabled
[12:31:55] [Server thread/INFO]: Server Ping Player Sample Count: 12
[12:31:55] [Server thread/INFO]: Using 4 threads for Netty based IO
[12:31:55] [Server thread/INFO]: Default game type: SURVIVAL
[12:31:55] [Server thread/INFO]: Generating keypair
[12:31:55] [Server thread/INFO]: Starting Minecraft server on *:25565
[12:31:55] [Server thread/INFO]: Using default channel type
[12:31:55] [Server thread/WARN]: **** SERVER IS RUNNING IN OFFLINE/INSECURE MODE!
[12:31:55] [Server thread/WARN]: The server will make no attempt to authenticate usernames. Beware.
[12:31:55] [Server thread/WARN]: While this makes the game possible to play without internet access, it also opens up the ability for hackers to connect with any username they choose.
[12:31:55] [Server thread/WARN]: To change this, set "online-mode" to "true" in the server.properties file.
[12:31:55] [Server thread/INFO]: Preparing level "world"
[12:31:55] [Server thread/INFO]: -------- World Settings For [world] --------
[12:31:55] [Server thread/INFO]: Item Despawn Rate: 6000
[12:31:55] [Server thread/INFO]: Item Merge Radius: 2.5
[12:31:55] [Server thread/INFO]: Simulation Distance: 10
[12:31:55] [Server thread/INFO]: View Distance: 10
[12:31:55] [Server thread/INFO]: Allow Zombie Pigmen to spawn from portal blocks: true
[12:31:55] [Server thread/INFO]: Arrow Despawn Rate: 1200 Trident Respawn Rate:1200
[12:31:55] [Server thread/INFO]: Zombie Aggressive Towards Villager: true
[12:31:55] [Server thread/INFO]: Nerfing mobs spawned from spawners: false
[12:31:55] [Server thread/INFO]: Mob Spawn Range: 6
[12:31:55] [Server thread/INFO]: Experience Merge Radius: 3.0
[12:31:55] [Server thread/INFO]: Cactus Growth Modifier: 100%
[12:31:55] [Server thread/INFO]: Cane Growth Modifier: 100%
[12:31:55] [Server thread/INFO]: Melon Growth Modifier: 100%
[12:31:55] [Server thread/INFO]: Mushroom Growth Modifier: 100%
[12:31:55] [Server thread/INFO]: Pumpkin Growth Modifier: 100%
[12:31:55] [Server thread/INFO]: Sapling Growth Modifier: 100%
[12:31:55] [Server thread/INFO]: Beetroot Growth Modifier: 100%
[12:31:55] [Server thread/INFO]: Carrot Growth Modifier: 100%
[12:31:55] [Server thread/INFO]: Potato Growth Modifier: 100%
[12:31:55] [Server thread/INFO]: Wheat Growth Modifier: 100%
[12:31:55] [Server thread/INFO]: NetherWart Growth Modifier: 100%
[12:31:55] [Server thread/INFO]: Vine Growth Modifier: 100%
[12:31:55] [Server thread/INFO]: Cocoa Growth Modifier: 100%
[12:31:55] [Server thread/INFO]: Bamboo Growth Modifier: 100%
[12:31:55] [Server thread/INFO]: SweetBerry Growth Modifier: 100%
[12:31:55] [Server thread/INFO]: Kelp Growth Modifier: 100%
[12:31:55] [Server thread/INFO]: Entity Activation Range: An 32 / Mo 32 / Ra 48 / Mi 16 / Tiv true / Isa false
[12:31:55] [Server thread/INFO]: Entity Tracking Range: Pl 48 / An 48 / Mo 48 / Mi 32 / Other 64
[12:31:55] [Server thread/INFO]: Custom Map Seeds:  Village: 10387312 Desert: 14357617 Igloo: 14357618 Jungle: 14357619 Swamp: 14357620 Monument: 10387313 Ocean: 14357621 Shipwreck: 165745295 End City: 10387313 Slime: 987234911 Nether: 30084232 Mansion: 10387319 Fossil: 14357921 Portal: 34222645
[12:31:55] [Server thread/INFO]: Hopper Transfer: 8 Hopper Check: 1 Hopper Amount: 1 Hopper Can Load Chunks: false
[12:31:55] [Server thread/INFO]: Max TNT Explosions: 100
[12:31:55] [Server thread/INFO]: Tile Max Tick Time: 50ms Entity max Tick Time: 50ms
[12:31:56] [Server thread/INFO]: -------- World Settings For [world_nether] --------
[12:31:56] [Server thread/INFO]: Item Despawn Rate: 6000
[12:31:56] [Server thread/INFO]: Item Merge Radius: 2.5
[12:31:56] [Server thread/INFO]: Simulation Distance: 10
[12:31:56] [Server thread/INFO]: View Distance: 10
[12:31:56] [Server thread/INFO]: Allow Zombie Pigmen to spawn from portal blocks: true
[12:31:56] [Server thread/INFO]: Arrow Despawn Rate: 1200 Trident Respawn Rate:1200
[12:31:56] [Server thread/INFO]: Zombie Aggressive Towards Villager: true
[12:31:56] [Server thread/INFO]: Nerfing mobs spawned from spawners: false
[12:31:56] [Server thread/INFO]: Mob Spawn Range: 6
[12:31:56] [Server thread/INFO]: Experience Merge Radius: 3.0
[12:31:56] [Server thread/INFO]: Cactus Growth Modifier: 100%
[12:31:56] [Server thread/INFO]: Cane Growth Modifier: 100%
[12:31:56] [Server thread/INFO]: Melon Growth Modifier: 100%
[12:31:56] [Server thread/INFO]: Mushroom Growth Modifier: 100%
[12:31:56] [Server thread/INFO]: Pumpkin Growth Modifier: 100%
[12:31:56] [Server thread/INFO]: Sapling Growth Modifier: 100%
[12:31:56] [Server thread/INFO]: Beetroot Growth Modifier: 100%
[12:31:56] [Server thread/INFO]: Carrot Growth Modifier: 100%
[12:31:56] [Server thread/INFO]: Potato Growth Modifier: 100%
[12:31:56] [Server thread/INFO]: Wheat Growth Modifier: 100%
[12:31:56] [Server thread/INFO]: NetherWart Growth Modifier: 100%
[12:31:56] [Server thread/INFO]: Vine Growth Modifier: 100%
[12:31:56] [Server thread/INFO]: Cocoa Growth Modifier: 100%
[12:31:56] [Server thread/INFO]: Bamboo Growth Modifier: 100%
[12:31:56] [Server thread/INFO]: SweetBerry Growth Modifier: 100%
[12:31:56] [Server thread/INFO]: Kelp Growth Modifier: 100%
[12:31:56] [Server thread/INFO]: Entity Activation Range: An 32 / Mo 32 / Ra 48 / Mi 16 / Tiv true / Isa false
[12:31:56] [Server thread/INFO]: Entity Tracking Range: Pl 48 / An 48 / Mo 48 / Mi 32 / Other 64
[12:31:56] [Server thread/INFO]: Custom Map Seeds:  Village: 10387312 Desert: 14357617 Igloo: 14357618 Jungle: 14357619 Swamp: 14357620 Monument: 10387313 Ocean: 14357621 Shipwreck: 165745295 End City: 10387313 Slime: 987234911 Nether: 30084232 Mansion: 10387319 Fossil: 14357921 Portal: 34222645
[12:31:56] [Server thread/INFO]: Hopper Transfer: 8 Hopper Check: 1 Hopper Amount: 1 Hopper Can Load Chunks: false
[12:31:56] [Server thread/INFO]: Max TNT Explosions: 100
[12:31:56] [Server thread/INFO]: Tile Max Tick Time: 50ms Entity max Tick Time: 50ms
[12:31:56] [Server thread/INFO]: -------- World Settings For [world_the_end] --------
[12:31:56] [Server thread/INFO]: Item Despawn Rate: 6000
[12:31:56] [Server thread/INFO]: Item Merge Radius: 2.5
[12:31:56] [Server thread/INFO]: Simulation Distance: 10
[12:31:56] [Server thread/INFO]: View Distance: 10
[12:31:56] [Server thread/INFO]: Allow Zombie Pigmen to spawn from portal blocks: true
[12:31:56] [Server thread/INFO]: Arrow Despawn Rate: 1200 Trident Respawn Rate:1200
[12:31:56] [Server thread/INFO]: Zombie Aggressive Towards Villager: true
[12:31:56] [Server thread/INFO]: Nerfing mobs spawned from spawners: false
[12:31:56] [Server thread/INFO]: Mob Spawn Range: 6
[12:31:56] [Server thread/INFO]: Experience Merge Radius: 3.0
[12:31:56] [Server thread/INFO]: Cactus Growth Modifier: 100%
[12:31:56] [Server thread/INFO]: Cane Growth Modifier: 100%
[12:31:56] [Server thread/INFO]: Melon Growth Modifier: 100%
[12:31:56] [Server thread/INFO]: Mushroom Growth Modifier: 100%
[12:31:56] [Server thread/INFO]: Pumpkin Growth Modifier: 100%
[12:31:56] [Server thread/INFO]: Sapling Growth Modifier: 100%
[12:31:56] [Server thread/INFO]: Beetroot Growth Modifier: 100%
[12:31:56] [Server thread/INFO]: Carrot Growth Modifier: 100%
[12:31:56] [Server thread/INFO]: Potato Growth Modifier: 100%
[12:31:56] [Server thread/INFO]: Wheat Growth Modifier: 100%
[12:31:56] [Server thread/INFO]: NetherWart Growth Modifier: 100%
[12:31:56] [Server thread/INFO]: Vine Growth Modifier: 100%
[12:31:56] [Server thread/INFO]: Cocoa Growth Modifier: 100%
[12:31:56] [Server thread/INFO]: Bamboo Growth Modifier: 100%
[12:31:56] [Server thread/INFO]: SweetBerry Growth Modifier: 100%
[12:31:56] [Server thread/INFO]: Kelp Growth Modifier: 100%
[12:31:56] [Server thread/INFO]: Entity Activation Range: An 32 / Mo 32 / Ra 48 / Mi 16 / Tiv true / Isa false
[12:31:56] [Server thread/INFO]: Entity Tracking Range: Pl 48 / An 48 / Mo 48 / Mi 32 / Other 64
[12:31:56] [Server thread/INFO]: Custom Map Seeds:  Village: 10387312 Desert: 14357617 Igloo: 14357618 Jungle: 14357619 Swamp: 14357620 Monument: 10387313 Ocean: 14357621 Shipwreck: 165745295 End City: 10387313 Slime: 987234911 Nether: 30084232 Mansion: 10387319 Fossil: 14357921 Portal: 34222645
[12:31:56] [Server thread/INFO]: Hopper Transfer: 8 Hopper Check: 1 Hopper Amount: 1 Hopper Can Load Chunks: false
[12:31:56] [Server thread/INFO]: Max TNT Explosions: 100
[12:31:56] [Server thread/INFO]: Tile Max Tick Time: 50ms Entity max Tick Time: 50ms
[12:31:56] [Server thread/INFO]: Preparing start region for dimension minecraft:overworld
[12:32:01] [Worker-Main-7/INFO]: Preparing spawn area: 0%
[12:32:01] [Worker-Main-7/INFO]: Preparing spawn area: 0%
[12:32:01] [Worker-Main-5/INFO]: Preparing spawn area: 0%
[12:32:01] [Worker-Main-7/INFO]: Preparing spawn area: 0%
[12:32:01] [Worker-Main-7/INFO]: Preparing spawn area: 0%
[12:32:01] [Worker-Main-7/INFO]: Preparing spawn area: 0%
[12:32:01] [Worker-Main-7/INFO]: Preparing spawn area: 0%
[12:32:01] [Worker-Main-7/INFO]: Preparing spawn area: 0%
[12:32:01] [Worker-Main-7/INFO]: Preparing spawn area: 0%
[12:32:01] [Worker-Main-7/INFO]: Preparing spawn area: 0%
[12:32:01] [Worker-Main-4/INFO]: Preparing spawn area: 5%
[12:32:02] [Worker-Main-5/INFO]: Preparing spawn area: 87%
[12:32:02] [Server thread/INFO]: Time elapsed: 5691 ms
[12:32:02] [Server thread/INFO]: Preparing start region for dimension minecraft:the_nether
[12:32:03] [Worker-Main-2/INFO]: Preparing spawn area: 0%
[12:32:03] [Worker-Main-2/INFO]: Preparing spawn area: 0%
[12:32:03] [Worker-Main-3/INFO]: Preparing spawn area: 0%
[12:32:03] [Worker-Main-5/INFO]: Preparing spawn area: 0%
[12:32:04] [Worker-Main-5/INFO]: Preparing spawn area: 4%
[12:32:04] [Worker-Main-5/INFO]: Preparing spawn area: 17%
[12:32:05] [Worker-Main-7/INFO]: Preparing spawn area: 46%
[12:32:05] [Worker-Main-5/INFO]: Preparing spawn area: 68%
[12:32:06] [Worker-Main-4/INFO]: Preparing spawn area: 68%
[12:32:06] [Worker-Main-5/INFO]: Preparing spawn area: 70%
[12:32:07] [Worker-Main-2/INFO]: Preparing spawn area: 73%
[12:32:07] [Worker-Main-3/INFO]: Preparing spawn area: 76%
[12:32:08] [Worker-Main-7/INFO]: Preparing spawn area: 79%
[12:32:08] [Worker-Main-6/INFO]: Preparing spawn area: 83%
[12:32:09] [Worker-Main-7/INFO]: Preparing spawn area: 83%
[12:32:09] [Worker-Main-5/INFO]: Preparing spawn area: 85%
[12:32:10] [Worker-Main-7/INFO]: Preparing spawn area: 87%
[12:32:10] [Worker-Main-2/INFO]: Preparing spawn area: 89%
[12:32:11] [Worker-Main-6/INFO]: Preparing spawn area: 92%
[12:32:11] [Worker-Main-2/INFO]: Preparing spawn area: 94%
[12:32:12] [Worker-Main-2/INFO]: Preparing spawn area: 98%
[12:32:12] [Server thread/INFO]: Time elapsed: 10171 ms
[12:32:12] [Server thread/INFO]: Preparing start region for dimension minecraft:the_end
[12:32:13] [Worker-Main-2/INFO]: Preparing spawn area: 0%
[12:32:13] [Worker-Main-2/INFO]: Preparing spawn area: 0%
[12:32:13] [Worker-Main-2/INFO]: Preparing spawn area: 4%
[12:32:13] [Worker-Main-6/INFO]: Preparing spawn area: 54%
[12:32:14] [Worker-Main-7/INFO]: Preparing spawn area: 83%
[12:32:14] [Server thread/INFO]: Time elapsed: 2386 ms
[12:32:14] [Server thread/INFO]: Server permissions file permissions.yml is empty, ignoring it
[12:32:14] [Server thread/INFO]: Done (19.129s)! For help, type "help"
[12:42:24] [User Authenticator #1/INFO]: UUID of player jOKER228SUPERWOW is 0dcdd39b-3060-3c5d-8fc2-8ac6f286c338
[12:42:24] [Server thread/INFO]: jOKER228SUPERWOW joined the game
[12:42:24] [Server thread/INFO]: jOKER228SUPERWOW[/127.0.0.1:54297] logged in with entity id 337 at ([world]-1033.81985375641, 70.0, -1429.629293471394)
[12:43:33] [Server thread/INFO]: jOKER228SUPERWOW lost connection: Disconnected
[12:43:33] [Server thread/INFO]: jOKER228SUPERWOW left the game
